SmartHome/proguard-project.txt
# To enable ProGuard in your project, edit project.properties
# to define the proguard.config property as described in that file.
#
# Add project specific ProGuard rules here.
# By default, the flags in this file are appended to flags specified
# in ${sdk.dir}/tools/proguard/proguard-android.txt
# You can edit the include path and order by changing the ProGuard
# include property in project.properties.
#
# For more details, see
#   http://developer.android.com/guide/developing/tools/proguard.html

# Add any project specific keep options here:

# If your project uses WebView with JS, uncomment the following
# and specify the fully qualified class name to the JavaScript interface
# class:
#-keepclassmembers class fqcn.of.javascript.interface.for.webview {
#   public *;
#}


-injars      bin/classes
-injars      libs
-outjars     bin/classes-processed.jar
-libraryjars D:/AndroidADT/sdk/platforms/android-22/android.jar
-libraryjars libs/PlayerSDK.jar

-dontpreverify
-repackageclasses ''
-allowaccessmodification
-optimizations !code/simplification/arithmetic
-keepattributes *Annotation*
-keepattributes SourceFile,LineNumberTable
-keepattributes Signature

-keep public class * extends android.app.Activity
-keep public class * extends android.app.Application
-keep public class * extends android.app.Service
-keep public class * extends android.content.BroadcastReceiver
-keep public class * extends android.content.ContentProvider

-keep public class * extends android.view.View {
    public <init>(android.content.Context);
    public <init>(android.content.Context, android.util.AttributeSet);
    public <init>(android.content.Context, android.util.AttributeSet, int);
    public void set*(...);
}

-keepclasseswithmembers class * {
    public <init>(android.content.Context, android.util.AttributeSet);
}

-keepclasseswithmembers class * {
    public <init>(android.content.Context, android.util.AttributeSet, int);
}

-keepclassmembers class * extends android.content.Context {
   public void *(android.view.View);
   public void *(android.view.MenuItem);
}

-keepclassmembers class * implements android.os.Parcelable {
    static ** CREATOR;
}

-keepclassmembers class **.R$* {
    public static <fields>;
}

-keepclassmembers class * {
    @android.webkit.JavascriptInterface <methods>;
}

-keepclasseswithmembernames class * {
    native <methods>;
}

# glide library
-keep public class * implements com.bumptech.glide.module.GlideModule
-keep public enum com.bumptech.glide.load.resource.bitmap.ImageHeaderParser$** {
    **[] $VALUES;
    public *;
}
-keep public class * implements com.bumptech.glide.module.GlideModule

-keepclasseswithmembernames class *  {
   void set*(***);
   *** get*();
}

-keep class java.io.** {*;}

-keep class org.MediaPlayer.PlayM4.** {*;}
-keep interface org.MediaPlayer.PlayM4.Player.** {*;}
-keep class com.hikvision.netsdk.** {*;}
-keep interface com.hikvision.netsdk.** {*;}

-keep class com.gdgl.mydata.** {*;}
-keep class com.gdgl.model.historydata.** {*;}

-keep interface com.gdgl.manager.UIListener {*;}
-keep class com.gdgl.manager.Manger {*;}
-keep class * extends com.gdgl.manager.Manger
-keep class com.gdgl.libjingle.Libjingle {*;}
-keep class android.support.**{*;}
-keep interface android.support.**{*;}