SmartHome/proguard/seeds.txt
com.gdgl.smarthome.R$anim: int abc_fade_in
com.gdgl.smarthome.R$anim: int abc_fade_out
com.gdgl.smarthome.R$anim: int abc_grow_fade_in_from_bottom
com.gdgl.smarthome.R$anim: int abc_shrink_fade_out_from_bottom
com.gdgl.smarthome.R$anim: int abc_slide_in_bottom
com.gdgl.smarthome.R$anim: int abc_slide_in_top
com.gdgl.smarthome.R$anim: int abc_slide_out_bottom
com.gdgl.smarthome.R$anim: int abc_slide_out_top
com.gdgl.smarthome.R$anim: int dialog_main_hide_amination
com.gdgl.smarthome.R$anim: int dialog_main_show_amination
com.gdgl.smarthome.R$anim: int dialog_root_hide_amin
com.gdgl.smarthome.R$anim: int dialog_root_show_amin
com.gdgl.smarthome.R$anim: int head_in
com.gdgl.smarthome.R$anim: int head_out
com.gdgl.smarthome.R$anim: int loading_animation
com.gdgl.smarthome.R$anim: int progress_indeterminate_animation
com.gdgl.smarthome.R$anim: int slide_bottom_to_top
com.gdgl.smarthome.R$anim: int slide_in_from_bottom
com.gdgl.smarthome.R$anim: int slide_in_from_top
com.gdgl.smarthome.R$anim: int slide_left_in
com.gdgl.smarthome.R$anim: int slide_out_to_bottom
com.gdgl.smarthome.R$anim: int slide_out_to_top
com.gdgl.smarthome.R$anim: int slide_right_out
com.gdgl.smarthome.R$anim: int slide_top_to_bottom
com.gdgl.smarthome.R$anim: int snackbar_hide_animation
com.gdgl.smarthome.R$anim: int snackbar_show_animation
com.gdgl.smarthome.R$array: int gongneng_name
com.gdgl.smarthome.R$attr: int actionBarDivider
com.gdgl.smarthome.R$attr: int actionBarItemBackground
com.gdgl.smarthome.R$attr: int actionBarPopupTheme
com.gdgl.smarthome.R$attr: int actionBarSize
com.gdgl.smarthome.R$attr: int actionBarSplitStyle
com.gdgl.smarthome.R$attr: int actionBarStyle
com.gdgl.smarthome.R$attr: int actionBarTabBarStyle
com.gdgl.smarthome.R$attr: int actionBarTabStyle
com.gdgl.smarthome.R$attr: int actionBarTabTextStyle
com.gdgl.smarthome.R$attr: int actionBarTheme
com.gdgl.smarthome.R$attr: int actionBarWidgetTheme
com.gdgl.smarthome.R$attr: int actionButtonStyle
com.gdgl.smarthome.R$attr: int actionDistance
com.gdgl.smarthome.R$attr: int actionDropDownStyle
com.gdgl.smarthome.R$attr: int actionLayout
com.gdgl.smarthome.R$attr: int actionMenuTextAppearance
com.gdgl.smarthome.R$attr: int actionMenuTextColor
com.gdgl.smarthome.R$attr: int actionModeBackground
com.gdgl.smarthome.R$attr: int actionModeCloseButtonStyle
com.gdgl.smarthome.R$attr: int actionModeCloseDrawable
com.gdgl.smarthome.R$attr: int actionModeCopyDrawable
com.gdgl.smarthome.R$attr: int actionModeCutDrawable
com.gdgl.smarthome.R$attr: int actionModeFindDrawable
com.gdgl.smarthome.R$attr: int actionModePasteDrawable
com.gdgl.smarthome.R$attr: int actionModePopupWindowStyle
com.gdgl.smarthome.R$attr: int actionModeSelectAllDrawable
com.gdgl.smarthome.R$attr: int actionModeShareDrawable
com.gdgl.smarthome.R$attr: int actionModeSplitBackground
com.gdgl.smarthome.R$bool: int abc_action_bar_embed_tabs
com.gdgl.smarthome.R$bool: int abc_action_bar_embed_tabs_pre_jb
com.gdgl.smarthome.R$bool: int abc_action_bar_expanded_action_views_exclusive
com.gdgl.smarthome.R$bool: int abc_config_actionMenuItemAllCaps
com.gdgl.smarthome.R$bool: int abc_config_allowActionMenuItemTextWithIcon
com.gdgl.smarthome.R$bool: int abc_config_showMenuShortcutsWhenKeyboardPresent
...
android.support.v4.view.accessibility.AccessibilityRecordCompat$AccessibilityRecordIcsMr1Impl
android.support.v4.view.accessibility.AccessibilityRecordCompat$AccessibilityRecordIcsMr1Impl: AccessibilityRecordCompat$AccessibilityRecordIcsMr1Impl()
android.support.v4.view.accessibility.AccessibilityRecordCompat$AccessibilityRecordIcsMr1Impl: int getMaxScrollX(java.lang.Object)
android.support.v4.view.accessibility.AccessibilityRecordCompat$AccessibilityRecordIcsMr1Impl: int getMaxScrollY(java.lang.Object)
android.support.v4.view.accessibility.AccessibilityRecordCompat$AccessibilityRecordIcsMr1Impl: void setMaxScrollX(java.lang.Object,int)
android.support.v4.view.accessibility.AccessibilityRecordCompat$AccessibilityRecordIcsMr1Impl: void setMaxScrollY(java.lang.Object,int)
android.support.v4.view.accessibility.AccessibilityRecordCompat$AccessibilityRecordImpl
android.support.v4.view.accessibility.AccessibilityRecordCompat$AccessibilityRecordImpl: java.lang.Object obtain()
android.support.v4.view.accessibility.AccessibilityRecordCompat$AccessibilityRecordImpl: java.lang.Object obtain(java.lang.Object)
android.support.v4.view.accessibility.AccessibilityRecordCompat$AccessibilityRecordImpl: void setSource(java.lang.Object,android.view.View)
android.support.v4.view.accessibility.AccessibilityRecordCompat$AccessibilityRecordImpl: void setSource(java.lang.Object,android.view.View,int)
android.support.v4.view.accessibility.AccessibilityRecordCompat$AccessibilityRecordImpl: android.support.v4.view.accessibility.AccessibilityNodeInfoCompat getSource(java.lang.Object)
android.support.v4.view.accessibility.AccessibilityRecordCompat$AccessibilityRecordImpl: int getWindowId(java.lang.Object)
android.support.v4.view.accessibility.AccessibilityRecordCompat$AccessibilityRecordImpl: boolean isChecked(java.lang.Object)
android.support.v4.view.accessibility.AccessibilityRecordCompat$AccessibilityRecordImpl: void setChecked(java.lang.Object,boolean)
android.support.v4.view.accessibility.AccessibilityRecordCompat$AccessibilityRecordImpl: boolean isEnabled(java.lang.Object)
android.support.v4.view.accessibility.AccessibilityRecordCompat$AccessibilityRecordImpl: void setEnabled(java.lang.Object,boolean)
android.support.v4.view.accessibility.AccessibilityRecordCompat$AccessibilityRecordJellyBeanImpl
android.support.v4.view.accessibility.AccessibilityRecordCompat$AccessibilityRecordJellyBeanImpl: AccessibilityRecordCompat$AccessibilityRecordJellyBeanImpl()
android.support.v4.view.accessibility.AccessibilityRecordCompat$AccessibilityRecordJellyBeanImpl: void setSource(java.lang.Object,android.view.View,int)