SmartHome/proguard/mapping.txt
com.gdgl.smarthome.R -> aku:
com.gdgl.smarthome.R$styleable -> akv:
    int[] ActionBar -> ActionBar
    int ActionBar_background -> ActionBar_background
    int ActionBar_backgroundSplit -> ActionBar_backgroundSplit
    int ActionBar_backgroundStacked -> ActionBar_backgroundStacked
    int ActionBar_contentInsetEnd -> ActionBar_contentInsetEnd
    int ActionBar_contentInsetLeft -> ActionBar_contentInsetLeft
    int ActionBar_contentInsetRight -> ActionBar_contentInsetRight
    int ActionBar_contentInsetStart -> ActionBar_contentInsetStart
    int ActionBar_customNavigationLayout -> ActionBar_customNavigationLayout
    int ActionBar_displayOptions -> ActionBar_displayOptions
    int ActionBar_divider -> ActionBar_divider
    int ActionBar_elevation -> ActionBar_elevation
    int ActionBar_height -> ActionBar_height
    int ActionBar_hideOnContentScroll -> ActionBar_hideOnContentScroll
    int ActionBar_homeAsUpIndicator -> ActionBar_homeAsUpIndicator
    int ActionBar_homeLayout -> ActionBar_homeLayout
    int ActionBar_icon -> ActionBar_icon
    int ActionBar_indeterminateProgressStyle -> ActionBar_indeterminateProgressStyle
    int ActionBar_itemPadding -> ActionBar_itemPadding
    int ActionBar_logo -> ActionBar_logo
    int ActionBar_navigationMode -> ActionBar_navigationMode
    int ActionBar_popupTheme -> ActionBar_popupTheme
    int ActionBar_progressBarPadding -> ActionBar_progressBarPadding
    int ActionBar_progressBarStyle -> ActionBar_progressBarStyle
...
com.gdgl.GalleryFlow.FancyCoverFlow -> com.gdgl.GalleryFlow.FancyCoverFlow:
    float reflectionRatio -> a
    int reflectionGap -> b
    boolean reflectionEnabled -> c
    float unselectedAlpha -> d
    android.graphics.Camera transformationCamera -> e
    int maxRotation -> f
    float unselectedScale -> g
    float scaleDownGravity -> h
    int actionDistance -> i
    float unselectedSaturation -> j
    113:115:void initialize() -> b
    118:126:void applyXmlAttributes(android.util.AttributeSet) -> a
    133:133:float getReflectionRatio() -> getReflectionRatio
    137:146:void setReflectionRatio(float) -> setReflectionRatio
    149:149:int getReflectionGap() -> getReflectionGap
    153:158:void setReflectionGap(int) -> setReflectionGap
    161:161:boolean isReflectionEnabled() -> a
    165:170:void setReflectionEnabled(boolean) -> setReflectionEnabled
    181:186:void setAdapter(android.widget.SpinnerAdapter) -> setAdapter
    194:194:int getMaxRotation() -> getMaxRotation
    203:204:void setMaxRotation(int) -> setMaxRotation
    212:212:float getUnselectedAlpha() -> getUnselectedAlpha
    221:221:float getUnselectedScale() -> getUnselectedScale
    230:231:void setUnselectedScale(float) -> setUnselectedScale
    239:239:float getScaleDownGravity() -> getScaleDownGravity
    248:249:void setScaleDownGravity(float) -> setScaleDownGravity
    257:257:int getActionDistance() -> getActionDistance
com.gdgl.GalleryFlow.FancyCoverFlow$LayoutParams -> com.gdgl.GalleryFlow.FancyCoverFlow$LayoutParams:
com.gdgl.GalleryFlow.FancyCoverFlowItemWrapper -> com.gdgl.GalleryFlow.FancyCoverFlowItemWrapper:
    float saturation -> a
    boolean isReflectionEnabled -> b
    float imageReflectionRatio -> c
    int reflectionGap -> d
    float originalScaledownFactor -> e
    android.graphics.ColorMatrix colorMatrix -> f
    android.graphics.Paint paint -> g
    android.graphics.Bitmap wrappedViewBitmap -> h
    android.graphics.Canvas wrappedViewDrawingCanvas -> i
    101:105:void init() -> a
    113:123:void setReflectionEnabled(boolean) -> setReflectionEnabled
    126:130:void setReflectionRatio(float) -> setReflectionRatio
    133:137:void setReflectionGap(int) -> setReflectionGap
    140:145:void setSaturation(float) -> setSaturation
    153:162:void onMeasure(int,int) -> onMeasure
    167:183:void onLayout(boolean,int,int,int,int) -> onLayout
    188:206:void dispatchDraw(android.graphics.Canvas) -> dispatchDraw
    213:226:void remeasureChildren() -> b