SmartHome/proguard/usage.txt
com.gdgl.smarthome.BuildConfig
com.gdgl.smarthome.R:
    10:10:public R()
com.gdgl.smarthome.R$anim
com.gdgl.smarthome.R$array
com.gdgl.smarthome.R$attr
com.gdgl.smarthome.R$bool
com.gdgl.smarthome.R$color
com.gdgl.smarthome.R$dimen
com.gdgl.smarthome.R$drawable
com.gdgl.smarthome.R$id
com.gdgl.smarthome.R$integer
com.gdgl.smarthome.R$layout
com.gdgl.smarthome.R$menu
com.gdgl.smarthome.R$string
com.gdgl.smarthome.R$style
com.gdgl.smarthome.R$styleable:
    5176:5176:public R$styleable()
...
com.gc.materialdesign.widgets.ProgressDialog$2$1
com.gc.materialdesign.widgets.SnackBar
com.gc.materialdesign.widgets.SnackBar$1
com.gc.materialdesign.widgets.SnackBar$2
com.gc.materialdesign.widgets.SnackBar$3
com.gc.materialdesign.widgets.SnackBar$4
com.gc.materialdesign.widgets.SnackBar$OnHideListener
com.gdgl.GalleryFlow.FancyCoverFlow:
    public static final int ACTION_DISTANCE_AUTO
    public static final float SCALEDOWN_GRAVITY_TOP
    public static final float SCALEDOWN_GRAVITY_CENTER
    public static final float SCALEDOWN_GRAVITY_BOTTOM
com.gdgl.GalleryFlow.FancyCoverFlow$LayoutParams:
    380:381:public FancyCoverFlow$LayoutParams(android.view.ViewGroup$LayoutParams)
com.gdgl.activity.AddCommonUsedActivity:
    public static final int REGION
    public static final int SCENE
    public static final int DEVICES
com.gdgl.activity.AllDevicesFragment
com.gdgl.activity.AllDevicesFragment$1
com.gdgl.activity.AllDevicesFragment$2
com.gdgl.activity.AllDevicesListFragment
com.gdgl.activity.AllDevicesListFragment$1
com.gdgl.activity.AllDevicesListFragment$DevicesAdapter
com.gdgl.activity.AllDevicesListFragment$DevicesAdapter$ViewHolder
com.gdgl.activity.BaseControlFragment
com.gdgl.activity.BaseControlFragment$UpdateDatabaseTask
com.gdgl.activity.BaseControlFragment$UpdateDevice
com.gdgl.activity.BaseControlFragment$updateDeviceStatus
com.gdgl.activity.BaseFragment:
    public abstract void stopRefresh()
    40:44:public void ProcessUpdate(com.gdgl.mydata.Callback.CallbackResponseType2)
    47:54:public boolean isInList(com.gdgl.model.DevicesModel,java.util.List)
com.gdgl.activity.BaseFragment$UpdateDatabaseTask
com.gdgl.activity.BindControlFragment:
    public static final java.lang.String DevicesId
    public static final java.lang.String BindId
    public static final int FINISH_DLG
    189:202:public int getPostionInList(java.lang.String,java.lang.String)
    363:363:public void stopRefresh()
com.gdgl.activity.BindControlFragment$updateList
com.gdgl.activity.BindListFragment:
    android.widget.Button mBack
com.gdgl.activity.ChangeNameFragment:
    android.widget.RelativeLayout ch_name
com.gdgl.activity.ChangePWDFragment:
    java.lang.String odlPwd
com.gdgl.activity.ConfigDevicesExpandableList:
    540:540:public void stopRefresh()
com.gdgl.activity.ConfigDevicesExpandableList$ChangeFragment
com.gdgl.activity.ConfigDevicesListWithGroup
com.gdgl.activity.ConfigDevicesListWithGroup$1
com.gdgl.activity.ConfigDevicesListWithGroup$10
com.gdgl.activity.ConfigDevicesListWithGroup$11
com.gdgl.activity.ConfigDevicesListWithGroup$2
com.gdgl.activity.ConfigDevicesListWithGroup$3
com.gdgl.activity.ConfigDevicesListWithGroup$4
com.gdgl.activity.ConfigDevicesListWithGroup$5
com.gdgl.activity.ConfigDevicesListWithGroup$6
com.gdgl.activity.ConfigDevicesListWithGroup$7
com.gdgl.activity.ConfigDevicesListWithGroup$8
com.gdgl.activity.ConfigDevicesListWithGroup$9
com.gdgl.activity.ConfigDevicesListWithGroup$ChangeFragment
com.gdgl.activity.ConfigDevicesListWithGroup$CustomeAdapter
com.gdgl.activity.ConfigDevicesListWithGroup$CustomeAdapter$ViewHolder
com.gdgl.activity.ConfigDevicesListWithGroup$IntoDeviceDetailFragment
com.gdgl.activity.ConfigDevicesListWithGroup$getDataInBackgroundTask
com.gdgl.activity.CurtainControlFragment
com.gdgl.activity.CurtainControlFragment$1
com.gdgl.activity.CurtainControlFragment$2
com.gdgl.activity.CurtainControlFragment$3
com.gdgl.activity.CurtainControlFragment$CloseThread
com.gdgl.activity.CurtainControlFragment$OpenThread
com.gdgl.activity.CurtainControlFragment$operatortype